2023-02-12 11:30:05,058 [INFO  IM] - <main.cpp>|<97>|<main>,MsgServe max files can open:1024
2023-02-12 11:30:05,058 [INFO  IM] - <main.cpp>|<111>|<main>,127.0.0.1,8700
2023-02-12 11:30:05,059 [INFO  IM] - <ThreadPool.cpp>|<25>|<Execute>,thread_1334232640 create!
2023-02-12 11:30:05,059 [INFO  IM] - <ThreadPool.cpp>|<25>|<Execute>,thread_1317447232 create!
2023-02-12 11:30:05,059 [INFO  IM] - <ThreadPool.cpp>|<25>|<Execute>,thread_1300661824 create!
2023-02-12 11:30:05,060 [INFO  IM] - <ThreadPool.cpp>|<25>|<Execute>,thread_1073739328 create!
2023-02-12 11:30:05,060 [INFO  IM] - <ThreadPool.cpp>|<25>|<Execute>,thread_1325839936 create!
2023-02-12 11:30:05,061 [INFO  IM] - <ThreadPool.cpp>|<25>|<Execute>,thread_1309054528 create!
2023-02-12 11:30:05,061 [INFO  IM] - <ThreadPool.cpp>|<25>|<Execute>,thread_1292269120 create!
2023-02-12 11:30:05,061 [INFO  IM] - <ThreadPool.cpp>|<25>|<Execute>,thread_1283876416 create!
2023-02-12 11:30:05,061 [INFO  IM] - <ThreadPool.cpp>|<25>|<Execute>,thread_1065346624 create!
2023-02-12 11:34:42,129 [INFO  IM] - <main.cpp>|<97>|<main>,MsgServe max files can open:1024
2023-02-12 11:34:42,130 [INFO  IM] - <main.cpp>|<111>|<main>,127.0.0.1,8700
2023-02-12 11:34:42,130 [INFO  IM] - <ThreadPool.cpp>|<25>|<Execute>,thread_-937056704 create!
2023-02-12 11:34:42,131 [INFO  IM] - <ThreadPool.cpp>|<25>|<Execute>,thread_-945449408 create!
2023-02-12 11:34:42,131 [INFO  IM] - <ThreadPool.cpp>|<25>|<Execute>,thread_-953842112 create!
2023-02-12 11:34:42,131 [INFO  IM] - <ThreadPool.cpp>|<25>|<Execute>,thread_-962234816 create!
2023-02-12 11:34:42,131 [INFO  IM] - <ThreadPool.cpp>|<25>|<Execute>,thread_-970627520 create!
2023-02-12 11:34:42,131 [INFO  IM] - <ThreadPool.cpp>|<25>|<Execute>,thread_-979020224 create!
2023-02-12 11:34:42,132 [INFO  IM] - <ThreadPool.cpp>|<25>|<Execute>,thread_-987412928 create!
2023-02-12 11:34:42,132 [INFO  IM] - <ThreadPool.cpp>|<25>|<Execute>,thread_-995805632 create!
2023-02-12 11:34:42,132 [INFO  IM] - <ThreadPool.cpp>|<25>|<Execute>,thread_-1476397504 create!
2023-02-12 11:34:43,045 [ERROR IM] - <BaseSocket.cpp>|<56>|<Listen>,bind failed, err_code=98, server_ip=127.0.0.1, port=8700
2023-02-12 11:38:44,359 [INFO  IM] - <main.cpp>|<97>|<main>,MsgServe max files can open:1024
2023-02-12 11:38:44,359 [INFO  IM] - <main.cpp>|<111>|<main>,127.0.0.1,8700
2023-02-12 11:38:44,360 [INFO  IM] - <ThreadPool.cpp>|<25>|<Execute>,thread_1668109888 create!
2023-02-12 11:38:44,360 [INFO  IM] - <ThreadPool.cpp>|<25>|<Execute>,thread_1659717184 create!
2023-02-12 11:38:44,360 [INFO  IM] - <ThreadPool.cpp>|<25>|<Execute>,thread_1651324480 create!
2023-02-12 11:38:44,360 [INFO  IM] - <ThreadPool.cpp>|<25>|<Execute>,thread_1642931776 create!
2023-02-12 11:38:44,360 [INFO  IM] - <ThreadPool.cpp>|<25>|<Execute>,thread_1634522688 create!
2023-02-12 11:38:44,380 [INFO  IM] - <ThreadPool.cpp>|<25>|<Execute>,thread_1626129984 create!
2023-02-12 11:38:44,380 [INFO  IM] - <ThreadPool.cpp>|<25>|<Execute>,thread_1275065920 create!
2023-02-12 11:38:44,380 [INFO  IM] - <ThreadPool.cpp>|<25>|<Execute>,thread_1266673216 create!
2023-02-12 11:38:44,380 [INFO  IM] - <ThreadPool.cpp>|<25>|<Execute>,thread_1258280512 create!
2023-02-12 11:38:49,700 [INFO  IM] - <HttpConn.cpp>|<441>|<OnRead>,IP:127.0.0.1 access:/upload/
2023-02-12 11:38:49,701 [INFO  IM] - <HttpConn.cpp>|<132>|<OnUpload>,upload file, file name:2.bmp_167x200.bmp
2023-02-12 11:38:51,927 [INFO  IM] - <HttpConn.cpp>|<441>|<OnRead>,IP:127.0.0.1 access:/g0/000/000/1676173129701891_139854393202_167x200.bmp
2023-02-12 11:38:51,927 [INFO  IM] - <FileManager.cpp>|<137>|<getOrCreateEntry>,the map has the file while url:g0/000/000/1676173129701891_139854393202_167x200.bmp
2023-02-12 11:40:46,443 [INFO  IM] - <HttpConn.cpp>|<441>|<OnRead>,IP:127.0.0.1 access:/upload/
2023-02-12 11:40:46,443 [INFO  IM] - <HttpConn.cpp>|<132>|<OnUpload>,upload file, file name:2.bmp_167x200.bmp
2023-02-12 11:40:47,146 [INFO  IM] - <HttpConn.cpp>|<441>|<OnRead>,IP:127.0.0.1 access:/g0/000/000/1676173246444443_139854393202_167x200.bmp
2023-02-12 11:40:47,146 [INFO  IM] - <FileManager.cpp>|<137>|<getOrCreateEntry>,the map has the file while url:g0/000/000/1676173246444443_139854393202_167x200.bmp
2023-02-15 21:46:48,910 [INFO  IM] - <main.cpp>|<97>|<main>,MsgServe max files can open:1024
2023-02-15 21:46:48,915 [INFO  IM] - <main.cpp>|<111>|<main>,127.0.0.1,8700
2023-02-15 21:46:48,916 [INFO  IM] - <ThreadPool.cpp>|<25>|<Execute>,thread_-1425775040 create!
2023-02-15 21:46:48,916 [INFO  IM] - <ThreadPool.cpp>|<25>|<Execute>,thread_-1442560448 create!
2023-02-15 21:46:48,916 [INFO  IM] - <ThreadPool.cpp>|<25>|<Execute>,thread_-1459345856 create!
2023-02-15 21:46:48,917 [INFO  IM] - <ThreadPool.cpp>|<25>|<Execute>,thread_-1677724096 create!
2023-02-15 21:46:48,917 [INFO  IM] - <ThreadPool.cpp>|<25>|<Execute>,thread_-1434167744 create!
2023-02-15 21:46:48,918 [INFO  IM] - <ThreadPool.cpp>|<25>|<Execute>,thread_-1467738560 create!
2023-02-15 21:46:48,918 [INFO  IM] - <ThreadPool.cpp>|<25>|<Execute>,thread_-1450953152 create!
2023-02-15 21:46:48,918 [INFO  IM] - <ThreadPool.cpp>|<25>|<Execute>,thread_-1686116800 create!
2023-02-15 21:46:48,918 [INFO  IM] - <ThreadPool.cpp>|<25>|<Execute>,thread_-1694509504 create!
2023-02-15 21:47:15,823 [INFO  IM] - <main.cpp>|<97>|<main>,MsgServe max files can open:1024
2023-02-15 21:47:15,823 [INFO  IM] - <main.cpp>|<111>|<main>,127.0.0.1,8700
2023-02-15 21:47:15,823 [INFO  IM] - <ThreadPool.cpp>|<25>|<Execute>,thread_1137665600 create!
2023-02-15 21:47:15,823 [INFO  IM] - <ThreadPool.cpp>|<25>|<Execute>,thread_1129272896 create!
2023-02-15 21:47:15,823 [INFO  IM] - <ThreadPool.cpp>|<25>|<Execute>,thread_1120880192 create!
2023-02-15 21:47:15,823 [INFO  IM] - <ThreadPool.cpp>|<25>|<Execute>,thread_1112487488 create!
2023-02-15 21:47:15,823 [INFO  IM] - <ThreadPool.cpp>|<25>|<Execute>,thread_1104094784 create!
2023-02-15 21:47:15,824 [INFO  IM] - <ThreadPool.cpp>|<25>|<Execute>,thread_1095702080 create!
2023-02-15 21:47:15,825 [INFO  IM] - <ThreadPool.cpp>|<25>|<Execute>,thread_1087309376 create!
2023-02-15 21:47:15,825 [INFO  IM] - <ThreadPool.cpp>|<25>|<Execute>,thread_738195008 create!
2023-02-15 21:47:15,825 [INFO  IM] - <ThreadPool.cpp>|<25>|<Execute>,thread_729802304 create!
2023-02-15 21:47:15,908 [ERROR IM] - <BaseSocket.cpp>|<56>|<Listen>,bind failed, err_code=98, server_ip=127.0.0.1, port=8700
2023-02-15 21:48:15,642 [INFO  IM] - <main.cpp>|<97>|<main>,MsgServe max files can open:1024
2023-02-15 21:48:15,642 [INFO  IM] - <main.cpp>|<111>|<main>,127.0.0.1,8700
2023-02-15 21:48:15,642 [INFO  IM] - <ThreadPool.cpp>|<25>|<Execute>,thread_-1415866816 create!
2023-02-15 21:48:15,642 [INFO  IM] - <ThreadPool.cpp>|<25>|<Execute>,thread_-1424259520 create!
2023-02-15 21:48:15,642 [INFO  IM] - <ThreadPool.cpp>|<25>|<Execute>,thread_-1432652224 create!
2023-02-15 21:48:15,642 [INFO  IM] - <ThreadPool.cpp>|<25>|<Execute>,thread_-1441044928 create!
2023-02-15 21:48:15,642 [INFO  IM] - <ThreadPool.cpp>|<25>|<Execute>,thread_-1449437632 create!
2023-02-15 21:48:15,648 [INFO  IM] - <ThreadPool.cpp>|<25>|<Execute>,thread_-1466223040 create!
2023-02-15 21:48:15,648 [INFO  IM] - <ThreadPool.cpp>|<25>|<Execute>,thread_-1457830336 create!
2023-02-15 21:48:15,648 [INFO  IM] - <ThreadPool.cpp>|<25>|<Execute>,thread_-1811941824 create!
2023-02-15 21:48:15,648 [INFO  IM] - <ThreadPool.cpp>|<25>|<Execute>,thread_-1820334528 create!
2023-02-20 09:01:04,249 [INFO  IM] - <main.cpp>|<97>|<main>,MsgServe max files can open:1024
2023-02-20 09:01:04,249 [INFO  IM] - <main.cpp>|<111>|<main>,127.0.0.1,8700
2023-02-20 09:01:04,250 [INFO  IM] - <ThreadPool.cpp>|<25>|<Execute>,thread_1623909952 create!
2023-02-20 09:01:04,250 [INFO  IM] - <ThreadPool.cpp>|<25>|<Execute>,thread_1615517248 create!
2023-02-20 09:01:04,250 [INFO  IM] - <ThreadPool.cpp>|<25>|<Execute>,thread_1607124544 create!
2023-02-20 09:01:04,250 [INFO  IM] - <ThreadPool.cpp>|<25>|<Execute>,thread_1598731840 create!
2023-02-20 09:01:04,250 [INFO  IM] - <ThreadPool.cpp>|<25>|<Execute>,thread_1590339136 create!
2023-02-20 09:01:04,250 [INFO  IM] - <ThreadPool.cpp>|<25>|<Execute>,thread_1581946432 create!
2023-02-20 09:01:04,250 [INFO  IM] - <ThreadPool.cpp>|<25>|<Execute>,thread_1573553728 create!
2023-02-20 09:01:04,250 [INFO  IM] - <ThreadPool.cpp>|<25>|<Execute>,thread_1565161024 create!
2023-02-20 09:01:04,250 [INFO  IM] - <ThreadPool.cpp>|<25>|<Execute>,thread_1556768320 create!
2023-02-20 09:04:21,767 [INFO  IM] - <main.cpp>|<97>|<main>,MsgServe max files can open:1024
2023-02-20 09:04:21,768 [INFO  IM] - <main.cpp>|<111>|<main>,127.0.0.1,8700
2023-02-20 09:04:21,768 [INFO  IM] - <ThreadPool.cpp>|<25>|<Execute>,thread_-91331008 create!
2023-02-20 09:04:21,768 [INFO  IM] - <ThreadPool.cpp>|<25>|<Execute>,thread_-108116416 create!
2023-02-20 09:04:21,768 [INFO  IM] - <ThreadPool.cpp>|<25>|<Execute>,thread_-99723712 create!
2023-02-20 09:04:21,768 [INFO  IM] - <ThreadPool.cpp>|<25>|<Execute>,thread_-116509120 create!
2023-02-20 09:04:21,769 [INFO  IM] - <ThreadPool.cpp>|<25>|<Execute>,thread_-124901824 create!
2023-02-20 09:04:21,769 [INFO  IM] - <ThreadPool.cpp>|<25>|<Execute>,thread_-201329088 create!
2023-02-20 09:04:21,769 [INFO  IM] - <ThreadPool.cpp>|<25>|<Execute>,thread_-209721792 create!
2023-02-20 09:04:21,769 [INFO  IM] - <ThreadPool.cpp>|<25>|<Execute>,thread_-218114496 create!
2023-02-20 09:04:21,769 [INFO  IM] - <ThreadPool.cpp>|<25>|<Execute>,thread_-226507200 create!
2023-02-20 09:04:21,842 [ERROR IM] - <BaseSocket.cpp>|<56>|<Listen>,bind failed, err_code=98, server_ip=127.0.0.1, port=8700
2023-02-20 09:04:32,185 [INFO  IM] - <main.cpp>|<97>|<main>,MsgServe max files can open:1024
2023-02-20 09:04:32,185 [INFO  IM] - <main.cpp>|<111>|<main>,127.0.0.1,8700
2023-02-20 09:04:32,185 [INFO  IM] - <ThreadPool.cpp>|<25>|<Execute>,thread_936371776 create!
2023-02-20 09:04:32,185 [INFO  IM] - <ThreadPool.cpp>|<25>|<Execute>,thread_927979072 create!
2023-02-20 09:04:32,185 [INFO  IM] - <ThreadPool.cpp>|<25>|<Execute>,thread_919586368 create!
2023-02-20 09:04:32,185 [INFO  IM] - <ThreadPool.cpp>|<25>|<Execute>,thread_911193664 create!
2023-02-20 09:04:32,185 [INFO  IM] - <ThreadPool.cpp>|<25>|<Execute>,thread_902800960 create!
2023-02-20 09:04:32,185 [INFO  IM] - <ThreadPool.cpp>|<25>|<Execute>,thread_894408256 create!
2023-02-20 09:04:32,186 [INFO  IM] - <ThreadPool.cpp>|<25>|<Execute>,thread_886015552 create!
2023-02-20 09:04:32,186 [INFO  IM] - <ThreadPool.cpp>|<25>|<Execute>,thread_536868416 create!
2023-02-20 09:04:32,186 [INFO  IM] - <ThreadPool.cpp>|<25>|<Execute>,thread_528475712 create!
2023-02-20 09:05:06,841 [INFO  IM] - <main.cpp>|<97>|<main>,MsgServe max files can open:1024
2023-02-20 09:05:06,841 [INFO  IM] - <main.cpp>|<111>|<main>,127.0.0.1,8700
2023-02-20 09:05:06,841 [INFO  IM] - <ThreadPool.cpp>|<25>|<Execute>,thread_1458918976 create!
2023-02-20 09:05:06,841 [INFO  IM] - <ThreadPool.cpp>|<25>|<Execute>,thread_1450526272 create!
2023-02-20 09:05:06,841 [INFO  IM] - <ThreadPool.cpp>|<25>|<Execute>,thread_1442133568 create!
2023-02-20 09:05:06,841 [INFO  IM] - <ThreadPool.cpp>|<25>|<Execute>,thread_1433740864 create!
2023-02-20 09:05:06,842 [INFO  IM] - <ThreadPool.cpp>|<25>|<Execute>,thread_1425348160 create!
2023-02-20 09:05:06,842 [INFO  IM] - <ThreadPool.cpp>|<25>|<Execute>,thread_1199564352 create!
2023-02-20 09:05:06,842 [INFO  IM] - <ThreadPool.cpp>|<25>|<Execute>,thread_1207957056 create!
2023-02-20 09:05:06,842 [INFO  IM] - <ThreadPool.cpp>|<25>|<Execute>,thread_1182778944 create!
2023-02-20 09:05:06,842 [INFO  IM] - <ThreadPool.cpp>|<25>|<Execute>,thread_1191171648 create!
2023-02-20 09:05:06,912 [ERROR IM] - <BaseSocket.cpp>|<56>|<Listen>,bind failed, err_code=98, server_ip=127.0.0.1, port=8700
2023-02-20 09:07:35,159 [INFO  IM] - <main.cpp>|<97>|<main>,MsgServe max files can open:1024
2023-02-20 09:07:35,159 [INFO  IM] - <main.cpp>|<111>|<main>,127.0.0.1,8700
2023-02-20 09:07:35,160 [INFO  IM] - <ThreadPool.cpp>|<25>|<Execute>,thread_-379853248 create!
2023-02-20 09:07:35,161 [INFO  IM] - <ThreadPool.cpp>|<25>|<Execute>,thread_-388245952 create!
2023-02-20 09:07:35,161 [INFO  IM] - <ThreadPool.cpp>|<25>|<Execute>,thread_-469764544 create!
2023-02-20 09:07:35,161 [INFO  IM] - <ThreadPool.cpp>|<25>|<Execute>,thread_-478157248 create!
2023-02-20 09:07:35,161 [INFO  IM] - <ThreadPool.cpp>|<25>|<Execute>,thread_-486549952 create!
2023-02-20 09:07:35,161 [INFO  IM] - <ThreadPool.cpp>|<25>|<Execute>,thread_-494942656 create!
2023-02-20 09:07:35,161 [INFO  IM] - <ThreadPool.cpp>|<25>|<Execute>,thread_-503335360 create!
2023-02-20 09:07:35,162 [INFO  IM] - <ThreadPool.cpp>|<25>|<Execute>,thread_-511728064 create!
2023-02-20 09:07:35,162 [INFO  IM] - <ThreadPool.cpp>|<25>|<Execute>,thread_-520120768 create!
2023-02-20 09:09:15,967 [INFO  IM] - <HttpConn.cpp>|<441>|<OnRead>,IP:127.0.0.1 access:/upload/
2023-02-20 09:09:15,967 [INFO  IM] - <HttpConn.cpp>|<132>|<OnUpload>,upload file, file name:3.bmp_167x200.bmp
2023-02-20 09:09:20,185 [INFO  IM] - <HttpConn.cpp>|<441>|<OnRead>,IP:127.0.0.1 access:/g0/000/000/1676855355968379_139873820075_167x200.bmp
2023-02-20 09:09:20,186 [INFO  IM] - <FileManager.cpp>|<137>|<getOrCreateEntry>,the map has the file while url:g0/000/000/1676855355968379_139873820075_167x200.bmp
2023-02-27 22:07:04,241 [INFO  IM] - <main.cpp>|<97>|<main>,MsgServe max files can open:1024
2023-02-27 22:07:04,243 [INFO  IM] - <main.cpp>|<111>|<main>,127.0.0.1,8700
2023-02-27 22:07:04,243 [INFO  IM] - <ThreadPool.cpp>|<25>|<Execute>,thread_-470198720 create!
2023-02-27 22:07:04,243 [INFO  IM] - <ThreadPool.cpp>|<25>|<Execute>,thread_-486984128 create!
2023-02-27 22:07:04,243 [INFO  IM] - <ThreadPool.cpp>|<25>|<Execute>,thread_-478591424 create!
2023-02-27 22:07:04,243 [INFO  IM] - <ThreadPool.cpp>|<25>|<Execute>,thread_-495376832 create!
2023-02-27 22:07:04,243 [INFO  IM] - <ThreadPool.cpp>|<25>|<Execute>,thread_-503769536 create!
2023-02-27 22:07:04,244 [INFO  IM] - <ThreadPool.cpp>|<25>|<Execute>,thread_-512170432 create!
2023-02-27 22:07:04,245 [INFO  IM] - <ThreadPool.cpp>|<25>|<Execute>,thread_-520563136 create!
2023-02-27 22:07:04,245 [INFO  IM] - <ThreadPool.cpp>|<25>|<Execute>,thread_-880810432 create!
2023-02-27 22:07:04,245 [INFO  IM] - <ThreadPool.cpp>|<25>|<Execute>,thread_-872417728 create!
2023-02-27 22:10:16,730 [INFO  IM] - <HttpConn.cpp>|<441>|<OnRead>,IP:127.0.0.1 access:/upload/
2023-02-27 22:10:16,730 [INFO  IM] - <HttpConn.cpp>|<132>|<OnUpload>,upload file, file name:1.bmp_167x200.bmp
2023-02-27 22:10:35,794 [INFO  IM] - <HttpConn.cpp>|<441>|<OnRead>,IP:127.0.0.1 access:/g0/000/000/1677507016731687_140492205020_167x200.bmp
2023-02-27 22:10:35,795 [INFO  IM] - <FileManager.cpp>|<137>|<getOrCreateEntry>,the map has the file while url:g0/000/000/1677507016731687_140492205020_167x200.bmp
2023-04-16 20:29:52,941 [INFO  IM] - <main.cpp>|<97>|<main>,MsgServe max files can open:1024
2023-04-16 20:29:52,969 [INFO  IM] - <main.cpp>|<111>|<main>,127.0.0.1,8700
2023-04-16 20:29:52,971 [INFO  IM] - <ThreadPool.cpp>|<25>|<Execute>,thread_-1179994560 create!
2023-04-16 20:29:52,972 [INFO  IM] - <ThreadPool.cpp>|<25>|<Execute>,thread_-1188387264 create!
2023-04-16 20:29:52,976 [INFO  IM] - <ThreadPool.cpp>|<25>|<Execute>,thread_-1196779968 create!
2023-04-16 20:29:52,976 [INFO  IM] - <ThreadPool.cpp>|<25>|<Execute>,thread_-1275070912 create!
2023-04-16 20:29:52,977 [INFO  IM] - <ThreadPool.cpp>|<25>|<Execute>,thread_-1283463616 create!
2023-04-16 20:29:52,977 [INFO  IM] - <ThreadPool.cpp>|<25>|<Execute>,thread_-1291856320 create!
2023-04-16 20:29:52,978 [INFO  IM] - <ThreadPool.cpp>|<25>|<Execute>,thread_-1300249024 create!
2023-04-16 20:29:52,978 [INFO  IM] - <ThreadPool.cpp>|<25>|<Execute>,thread_-1308641728 create!
2023-04-16 20:29:52,978 [INFO  IM] - <ThreadPool.cpp>|<25>|<Execute>,thread_-1317034432 create!
2023-04-16 20:33:00,846 [INFO  IM] - <main.cpp>|<97>|<main>,MsgServe max files can open:1024
2023-04-16 20:33:00,847 [INFO  IM] - <main.cpp>|<111>|<main>,127.0.0.1,8700
2023-04-16 20:33:00,847 [INFO  IM] - <ThreadPool.cpp>|<25>|<Execute>,thread_-293702080 create!
2023-04-16 20:33:00,848 [INFO  IM] - <ThreadPool.cpp>|<25>|<Execute>,thread_-302094784 create!
2023-04-16 20:33:00,848 [INFO  IM] - <ThreadPool.cpp>|<25>|<Execute>,thread_-310487488 create!
2023-04-16 20:33:00,849 [INFO  IM] - <ThreadPool.cpp>|<25>|<Execute>,thread_-553658816 create!
2023-04-16 20:33:00,849 [INFO  IM] - <ThreadPool.cpp>|<25>|<Execute>,thread_-536873408 create!
2023-04-16 20:33:00,849 [INFO  IM] - <ThreadPool.cpp>|<25>|<Execute>,thread_-545266112 create!
2023-04-16 20:33:00,849 [INFO  IM] - <ThreadPool.cpp>|<25>|<Execute>,thread_-318880192 create!
2023-04-16 20:33:00,849 [INFO  IM] - <ThreadPool.cpp>|<25>|<Execute>,thread_-562051520 create!
2023-04-16 20:33:00,850 [INFO  IM] - <ThreadPool.cpp>|<25>|<Execute>,thread_-570444224 create!
2023-04-16 20:34:59,121 [INFO  IM] - <main.cpp>|<97>|<main>,MsgServe max files can open:1024
2023-04-16 20:34:59,122 [INFO  IM] - <main.cpp>|<111>|<main>,127.0.0.1,8700
2023-04-16 20:34:59,124 [INFO  IM] - <ThreadPool.cpp>|<25>|<Execute>,thread_987997760 create!
2023-04-16 20:34:59,124 [INFO  IM] - <ThreadPool.cpp>|<25>|<Execute>,thread_979605056 create!
2023-04-16 20:34:59,124 [INFO  IM] - <ThreadPool.cpp>|<25>|<Execute>,thread_971212352 create!
2023-04-16 20:34:59,127 [INFO  IM] - <ThreadPool.cpp>|<25>|<Execute>,thread_962811456 create!
2023-04-16 20:34:59,129 [INFO  IM] - <ThreadPool.cpp>|<25>|<Execute>,thread_954418752 create!
2023-04-16 20:34:59,129 [INFO  IM] - <ThreadPool.cpp>|<25>|<Execute>,thread_738195008 create!
2023-04-16 20:34:59,129 [INFO  IM] - <ThreadPool.cpp>|<25>|<Execute>,thread_603977280 create!
2023-04-16 20:34:59,129 [INFO  IM] - <ThreadPool.cpp>|<25>|<Execute>,thread_729802304 create!
2023-04-16 20:34:59,129 [INFO  IM] - <ThreadPool.cpp>|<25>|<Execute>,thread_721409600 create!
